<?xml version="1.0" encoding="UTF-8"?>
<testng-results skipped="0" failed="0" ignored="0" total="1" passed="1">
  <reporter-output>
  </reporter-output>
  <suite name="Default suite" duration-ms="34597" started-at="2019-12-01T15:56:00 IST" finished-at="2019-12-01T15:56:35 IST">
    <groups>
    </groups>
    <test name="Default test" duration-ms="34597" started-at="2019-12-01T15:56:00 IST" finished-at="2019-12-01T15:56:35 IST">
      <class name="selDemo.TestCase01">
        <test-method status="PASS" signature="openBrowser()[pri:0, instance:selDemo.TestCase01@706a04ae]" name="openBrowser" is-config="true" duration-ms="23304" started-at="2019-12-01T15:56:00 IST" finished-at="2019-12-01T15:56:23 IST">
          <reporter-output>
          </reporter-output>
        </test-method> <!-- openBrowser -->
        <test-method status="PASS" signature="testCaseLogic()[pri:0, instance:selDemo.TestCase01@706a04ae]" name="testCaseLogic" duration-ms="10502" started-at="2019-12-01T15:56:24 IST" finished-at="2019-12-01T15:56:34 IST">
          <reporter-output>
          </reporter-output>
        </test-method> <!-- testCaseLogic -->
        <test-method status="PASS" signature="quitBrowser()[pri:0, instance:selDemo.TestCase01@706a04ae]" name="quitBrowser" is-config="true" duration-ms="756" started-at="2019-12-01T15:56:34 IST" finished-at="2019-12-01T15:56:35 IST">
          <reporter-output>
          </reporter-output>
        </test-method> <!-- quitBrowser -->
      </class> <!-- selDemo.TestCase01 -->
    </test> <!-- Default test -->
  </suite> <!-- Default suite -->
</testng-results>
